<?xml version="1.0" encoding="UTF-8" ?>
<testsuites disabled="0" errors="0" failures="0" tests="1" time="22.582">
 <testsuite name="create an account on amazon.in" timestamp="2018-06-19T16:01:24" hostname="localhost" time="22.582" errors="0" tests="1" skipped="0" disabled="0" failures="0">
  <testcase classname="create an account on amazon.in" name="should create an account" time="22.577" />
 </testsuite>
</testsuites>